  
*** Using Compiler 'V5.06 update 1 (build 61)', folder: 'E:\Keil5\ARM\ARMCC\Bin'
Rebuild target 'Template'
assembling startup_stm32f40_41xxx.s...
compiling stm32f4xx_dbgmcu.c...
compiling misc.c...
compiling stm32f4xx_cryp_des.c...
compiling stm32f4xx_it.c...
compiling stm32f4xx_crc.c...
compiling stm32f4xx_cryp.c...
compiling main.c...
compiling stm32f4xx_cryp_tdes.c...
compiling stm32f4xx_dcmi.c...
compiling system_stm32f4xx.c...
compiling stm32f4xx_dac.c...
compiling stm32f4xx_dma.c...
compiling stm32f4xx_can.c...
compiling stm32f4xx_adc.c...
compiling stm32f4xx_cryp_aes.c...
compiling stm32f4xx_dma2d.c...
compiling stm32f4xx_exti.c...
compiling stm32f4xx_flash.c...
compiling stm32f4xx_flash_ramfunc.c...
compiling stm32f4xx_gpio.c...
compiling stm32f4xx_fsmc.c...
compiling stm32f4xx_hash.c...
compiling stm32f4xx_hash_md5.c...
compiling stm32f4xx_hash_sha1.c...
compiling stm32f4xx_i2c.c...
compiling stm32f4xx_iwdg.c...
compiling stm32f4xx_pwr.c...
compiling stm32f4xx_ltdc.c...
compiling stm32f4xx_rng.c...
compiling stm32f4xx_rcc.c...
compiling stm32f4xx_rtc.c...
compiling stm32f4xx_spi.c...
compiling stm32f4xx_sai.c...
compiling stm32f4xx_sdio.c...
compiling stm32f4xx_syscfg.c...
compiling stm32f4xx_usart.c...
compiling delay.c...
compiling stm32f4xx_wwdg.c...
compiling stm32f4xx_tim.c...
compiling usart.c...
compiling sys.c...
compiling led.c...
compiling iwdg.c...
compiling beep.c...
compiling exti.c...
compiling pwm.c...
compiling timer.c...
compiling key.c...
compiling wwdg.c...
compiling oled.c...
compiling iic.c...
compiling menu.c...
linking...
Program Size: Code=4188 RO-data=6504 RW-data=1224 ZI-data=2856  
FromELF: creating hex file...
"..\OBJ\Template.axf" - 0 Error(s), 0 Warning(s).
Build Time Elapsed:  00:00:08
